[2025-09-03T16:43:46.380Z] [INFO] ==================================================
[2025-09-03T16:43:46.386Z] [INFO] ЗАПУСК БЕЗОПАСНОГО ПАРСЕРА KRISHA.KZ
[2025-09-03T16:43:46.386Z] [INFO] Настройки: {"maxRequests":100,"delayMin":30000,"delayMax":60000,"batchSize":10,"stopOnError":true,"saveDir":"./parsed-data"}
[2025-09-03T16:43:46.386Z] [INFO] ==================================================
[2025-09-03T16:43:46.387Z] [INFO] Найдено 4 URL для парсинга
[2025-09-03T16:43:46.387Z] [INFO] [1/100] Парсинг: https://krisha.kz/a/show/699488724
[2025-09-03T16:43:46.747Z] [INFO] ✓ Успешно (359ms)
[2025-09-03T16:43:46.748Z] [INFO] Ожидание 49.431 секунд перед следующим запросом...
[2025-09-03T16:44:36.183Z] [INFO] [2/100] Парсинг: https://krisha.kz/a/show/1003722821
[2025-09-03T16:44:36.479Z] [INFO] ✓ Успешно (296ms)
[2025-09-03T16:44:36.480Z] [INFO] Ожидание 43.661 секунд перед следующим запросом...
[2025-09-03T16:45:20.144Z] [INFO] [3/100] Парсинг: https://krisha.kz/a/show/1001992992
[2025-09-03T16:45:20.440Z] [INFO] ✓ Успешно (295ms)
[2025-09-03T16:45:20.440Z] [INFO] Ожидание 49.163 секунд перед следующим запросом...
[2025-09-03T16:46:09.606Z] [INFO] [4/100] Парсинг: https://krisha.kz/a/show/760288002
[2025-09-03T16:46:10.695Z] [INFO] ✓ Успешно (1088ms)
[2025-09-03T16:46:10.696Z] [INFO] Сохранено 4 результатов в parsed-data/results-1756917970695.json
[2025-09-03T16:46:10.697Z] [INFO] ==================================================
[2025-09-03T16:46:10.697Z] [INFO] ПАРСИНГ ЗАВЕРШЕН
[2025-09-03T16:46:10.697Z] [INFO] Обработано: 4
[2025-09-03T16:46:10.697Z] [INFO] Успешно: 4
[2025-09-03T16:46:10.697Z] [INFO] Ошибок: 0
[2025-09-03T16:46:10.697Z] [INFO] Время: 2.41 минут
[2025-09-03T16:46:10.698Z] [INFO] ==================================================
